Performing C++ SOURCE FILE Test BOOST_FILESYSTEM_HAS_INIT_PRIORITY failed with the following output:
Change Dir: C:/Users/Admin/Documents/Ulrich/Automated-Electrical-Development/Lumen/ElecDev_Graphics_Application/Source/External/boost_1_77_0/libs/filesystem/out/build/x64-Debug/CMakeFiles/CMakeTmp

Run Build Command(s):C:/Program Files/Microsoft Visual Studio/2022/Community/Common7/IDE/CommonExtensions/Microsoft/CMake/Ninja/ninja.exe cmTC_b587c && [1/2] Building CXX object CMakeFiles\cmTC_b587c.dir\src.cxx.obj
FAILED: CMakeFiles/cmTC_b587c.dir/src.cxx.obj 
C:\PROGRA~1\MICROS~4\2022\COMMUN~1\VC\Tools\MSVC\1430~1.307\bin\Hostx64\x64\cl.exe  /nologo /TP -DBOOST_FILESYSTEM_HAS_INIT_PRIORITY -IC:\Users\Admin\Documents\Ulrich\Automated-Electrical-Development\Lumen\ElecDev_Graphics_Application\Source\External\boost_1_77_0\libs\filesystem\src -IC:\Users\Admin\Documents\Ulrich\Automated-Electrical-Development\Lumen\ElecDev_Graphics_Application\Source\External\boost_1_77_0\libs\filesystem\..\.. /DWIN32 /D_WINDOWS /W3 /GR /EHsc  /MDd /Zi /Ob0 /Od /RTC1 /showIncludes /FoCMakeFiles\cmTC_b587c.dir\src.cxx.obj /FdCMakeFiles\cmTC_b587c.dir\ /FS -c C:\Users\Admin\Documents\Ulrich\Automated-Electrical-Development\Lumen\ElecDev_Graphics_Application\Source\External\boost_1_77_0\libs\filesystem\out\build\x64-Debug\CMakeFiles\CMakeTmp\src.cxx
C:/Users/Admin/Documents/Ulrich/Automated-Electrical-Development/Lumen/ElecDev_Graphics_Application/Source/External/boost_1_77_0/libs/filesystem/config/has_attribute_init_priority.cpp(14): error C3861: 'init_priority': identifier not found
C:/Users/Admin/Documents/Ulrich/Automated-Electrical-Development/Lumen/ElecDev_Graphics_Application/Source/External/boost_1_77_0/libs/filesystem/config/has_attribute_init_priority.cpp(14): error C4430: missing type specifier - int assumed. Note: C++ does not support default-int
C:/Users/Admin/Documents/Ulrich/Automated-Electrical-Development/Lumen/ElecDev_Graphics_Application/Source/External/boost_1_77_0/libs/filesystem/config/has_attribute_init_priority.cpp(15): error C2146: syntax error: missing ';' before identifier 'global_class'
ninja: build stopped: subcommand failed.


Source file was:
#include <C:/Users/Admin/Documents/Ulrich/Automated-Electrical-Development/Lumen/ElecDev_Graphics_Application/Source/External/boost_1_77_0/libs/filesystem/config/has_attribute_init_priority.cpp>
Performing C++ SOURCE FILE Test BOOST_FILESYSTEM_HAS_CXX20_ATOMIC_REF failed with the following output:
Change Dir: C:/Users/Admin/Documents/Ulrich/Automated-Electrical-Development/Lumen/ElecDev_Graphics_Application/Source/External/boost_1_77_0/libs/filesystem/out/build/x64-Debug/CMakeFiles/CMakeTmp

Run Build Command(s):C:/Program Files/Microsoft Visual Studio/2022/Community/Common7/IDE/CommonExtensions/Microsoft/CMake/Ninja/ninja.exe cmTC_7fca1 && [1/2] Building CXX object CMakeFiles\cmTC_7fca1.dir\src.cxx.obj
FAILED: CMakeFiles/cmTC_7fca1.dir/src.cxx.obj 
C:\PROGRA~1\MICROS~4\2022\COMMUN~1\VC\Tools\MSVC\1430~1.307\bin\Hostx64\x64\cl.exe  /nologo /TP -DBOOST_FILESYSTEM_HAS_CXX20_ATOMIC_REF -IC:\Users\Admin\Documents\Ulrich\Automated-Electrical-Development\Lumen\ElecDev_Graphics_Application\Source\External\boost_1_77_0\libs\filesystem\src -IC:\Users\Admin\Documents\Ulrich\Automated-Electrical-Development\Lumen\ElecDev_Graphics_Application\Source\External\boost_1_77_0\libs\filesystem\..\.. /DWIN32 /D_WINDOWS /W3 /GR /EHsc  /MDd /Zi /Ob0 /Od /RTC1 /showIncludes /FoCMakeFiles\cmTC_7fca1.dir\src.cxx.obj /FdCMakeFiles\cmTC_7fca1.dir\ /FS -c C:\Users\Admin\Documents\Ulrich\Automated-Electrical-Development\Lumen\ElecDev_Graphics_Application\Source\External\boost_1_77_0\libs\filesystem\out\build\x64-Debug\CMakeFiles\CMakeTmp\src.cxx
C:/Users/Admin/Documents/Ulrich/Automated-Electrical-Development/Lumen/ElecDev_Graphics_Application/Source/External/boost_1_77_0/libs/filesystem/config/has_cxx20_atomic_ref.cpp(15): error C2039: 'atomic_ref': is not a member of 'std'
C:\Program Files\Microsoft Visual Studio\2022\Community\VC\Tools\MSVC\14.30.30705\include\atomic(129): note: see declaration of 'std'
C:/Users/Admin/Documents/Ulrich/Automated-Electrical-Development/Lumen/ElecDev_Graphics_Application/Source/External/boost_1_77_0/libs/filesystem/config/has_cxx20_atomic_ref.cpp(15): error C2065: 'atomic_ref': undeclared identifier
C:/Users/Admin/Documents/Ulrich/Automated-Electrical-Development/Lumen/ElecDev_Graphics_Application/Source/External/boost_1_77_0/libs/filesystem/config/has_cxx20_atomic_ref.cpp(15): error C2059: syntax error: '>'
C:/Users/Admin/Documents/Ulrich/Automated-Electrical-Development/Lumen/ElecDev_Graphics_Application/Source/External/boost_1_77_0/libs/filesystem/config/has_cxx20_atomic_ref.cpp(16): error C2065: 'ref': undeclared identifier
C:/Users/Admin/Documents/Ulrich/Automated-Electrical-Development/Lumen/ElecDev_Graphics_Application/Source/External/boost_1_77_0/libs/filesystem/config/has_cxx20_atomic_ref.cpp(17): error C2065: 'ref': undeclared identifier
ninja: build stopped: subcommand failed.


Source file was:
#include <C:/Users/Admin/Documents/Ulrich/Automated-Electrical-Development/Lumen/ElecDev_Graphics_Application/Source/External/boost_1_77_0/libs/filesystem/config/has_cxx20_atomic_ref.cpp>
Performing C++ SOURCE FILE Test BOOST_FILESYSTEM_HAS_STAT_ST_BLKSIZE failed with the following output:
Change Dir: C:/Users/Admin/Documents/Ulrich/Automated-Electrical-Development/Lumen/ElecDev_Graphics_Application/Source/External/boost_1_77_0/libs/filesystem/out/build/x64-Debug/CMakeFiles/CMakeTmp

Run Build Command(s):C:/Program Files/Microsoft Visual Studio/2022/Community/Common7/IDE/CommonExtensions/Microsoft/CMake/Ninja/ninja.exe cmTC_bc18e && [1/2] Building CXX object CMakeFiles\cmTC_bc18e.dir\src.cxx.obj
FAILED: CMakeFiles/cmTC_bc18e.dir/src.cxx.obj 
C:\PROGRA~1\MICROS~4\2022\COMMUN~1\VC\Tools\MSVC\1430~1.307\bin\Hostx64\x64\cl.exe  /nologo /TP -DBOOST_FILESYSTEM_HAS_STAT_ST_BLKSIZE -IC:\Users\Admin\Documents\Ulrich\Automated-Electrical-Development\Lumen\ElecDev_Graphics_Application\Source\External\boost_1_77_0\libs\filesystem\src -IC:\Users\Admin\Documents\Ulrich\Automated-Electrical-Development\Lumen\ElecDev_Graphics_Application\Source\External\boost_1_77_0\libs\filesystem\..\.. /DWIN32 /D_WINDOWS /W3 /GR /EHsc  /MDd /Zi /Ob0 /Od /RTC1 /showIncludes /FoCMakeFiles\cmTC_bc18e.dir\src.cxx.obj /FdCMakeFiles\cmTC_bc18e.dir\ /FS -c C:\Users\Admin\Documents\Ulrich\Automated-Electrical-Development\Lumen\ElecDev_Graphics_Application\Source\External\boost_1_77_0\libs\filesystem\out\build\x64-Debug\CMakeFiles\CMakeTmp\src.cxx
C:/Users/Admin/Documents/Ulrich/Automated-Electrical-Development/Lumen/ElecDev_Graphics_Application/Source/External/boost_1_77_0/libs/filesystem/config/has_stat_st_blksize.cpp(12): fatal error C1083: Cannot open include file: 'unistd.h': No such file or directory
ninja: build stopped: subcommand failed.


Source file was:
#include <C:/Users/Admin/Documents/Ulrich/Automated-Electrical-Development/Lumen/ElecDev_Graphics_Application/Source/External/boost_1_77_0/libs/filesystem/config/has_stat_st_blksize.cpp>
Performing C++ SOURCE FILE Test BOOST_FILESYSTEM_HAS_STAT_ST_MTIM failed with the following output:
Change Dir: C:/Users/Admin/Documents/Ulrich/Automated-Electrical-Development/Lumen/ElecDev_Graphics_Application/Source/External/boost_1_77_0/libs/filesystem/out/build/x64-Debug/CMakeFiles/CMakeTmp

Run Build Command(s):C:/Program Files/Microsoft Visual Studio/2022/Community/Common7/IDE/CommonExtensions/Microsoft/CMake/Ninja/ninja.exe cmTC_a3019 && [1/2] Building CXX object CMakeFiles\cmTC_a3019.dir\src.cxx.obj
FAILED: CMakeFiles/cmTC_a3019.dir/src.cxx.obj 
C:\PROGRA~1\MICROS~4\2022\COMMUN~1\VC\Tools\MSVC\1430~1.307\bin\Hostx64\x64\cl.exe  /nologo /TP -DBOOST_FILESYSTEM_HAS_STAT_ST_MTIM -IC:\Users\Admin\Documents\Ulrich\Automated-Electrical-Development\Lumen\ElecDev_Graphics_Application\Source\External\boost_1_77_0\libs\filesystem\src -IC:\Users\Admin\Documents\Ulrich\Automated-Electrical-Development\Lumen\ElecDev_Graphics_Application\Source\External\boost_1_77_0\libs\filesystem\..\.. /DWIN32 /D_WINDOWS /W3 /GR /EHsc  /MDd /Zi /Ob0 /Od /RTC1 /showIncludes /FoCMakeFiles\cmTC_a3019.dir\src.cxx.obj /FdCMakeFiles\cmTC_a3019.dir\ /FS -c C:\Users\Admin\Documents\Ulrich\Automated-Electrical-Development\Lumen\ElecDev_Graphics_Application\Source\External\boost_1_77_0\libs\filesystem\out\build\x64-Debug\CMakeFiles\CMakeTmp\src.cxx
C:/Users/Admin/Documents/Ulrich/Automated-Electrical-Development/Lumen/ElecDev_Graphics_Application/Source/External/boost_1_77_0/libs/filesystem/config/has_stat_st_mtim.cpp(12): fatal error C1083: Cannot open include file: 'unistd.h': No such file or directory
ninja: build stopped: subcommand failed.


Source file was:
#include <C:/Users/Admin/Documents/Ulrich/Automated-Electrical-Development/Lumen/ElecDev_Graphics_Application/Source/External/boost_1_77_0/libs/filesystem/config/has_stat_st_mtim.cpp>
Performing C++ SOURCE FILE Test BOOST_FILESYSTEM_HAS_STAT_ST_MTIMENSEC failed with the following output:
Change Dir: C:/Users/Admin/Documents/Ulrich/Automated-Electrical-Development/Lumen/ElecDev_Graphics_Application/Source/External/boost_1_77_0/libs/filesystem/out/build/x64-Debug/CMakeFiles/CMakeTmp

Run Build Command(s):C:/Program Files/Microsoft Visual Studio/2022/Community/Common7/IDE/CommonExtensions/Microsoft/CMake/Ninja/ninja.exe cmTC_78872 && [1/2] Building CXX object CMakeFiles\cmTC_78872.dir\src.cxx.obj
FAILED: CMakeFiles/cmTC_78872.dir/src.cxx.obj 
C:\PROGRA~1\MICROS~4\2022\COMMUN~1\VC\Tools\MSVC\1430~1.307\bin\Hostx64\x64\cl.exe  /nologo /TP -DBOOST_FILESYSTEM_HAS_STAT_ST_MTIMENSEC -IC:\Users\Admin\Documents\Ulrich\Automated-Electrical-Development\Lumen\ElecDev_Graphics_Application\Source\External\boost_1_77_0\libs\filesystem\src -IC:\Users\Admin\Documents\Ulrich\Automated-Electrical-Development\Lumen\ElecDev_Graphics_Application\Source\External\boost_1_77_0\libs\filesystem\..\.. /DWIN32 /D_WINDOWS /W3 /GR /EHsc  /MDd /Zi /Ob0 /Od /RTC1 /showIncludes /FoCMakeFiles\cmTC_78872.dir\src.cxx.obj /FdCMakeFiles\cmTC_78872.dir\ /FS -c C:\Users\Admin\Documents\Ulrich\Automated-Electrical-Development\Lumen\ElecDev_Graphics_Application\Source\External\boost_1_77_0\libs\filesystem\out\build\x64-Debug\CMakeFiles\CMakeTmp\src.cxx
C:/Users/Admin/Documents/Ulrich/Automated-Electrical-Development/Lumen/ElecDev_Graphics_Application/Source/External/boost_1_77_0/libs/filesystem/config/has_stat_st_mtimensec.cpp(12): fatal error C1083: Cannot open include file: 'unistd.h': No such file or directory
ninja: build stopped: subcommand failed.


Source file was:
#include <C:/Users/Admin/Documents/Ulrich/Automated-Electrical-Development/Lumen/ElecDev_Graphics_Application/Source/External/boost_1_77_0/libs/filesystem/config/has_stat_st_mtimensec.cpp>
Performing C++ SOURCE FILE Test BOOST_FILESYSTEM_HAS_STAT_ST_MTIMESPEC failed with the following output:
Change Dir: C:/Users/Admin/Documents/Ulrich/Automated-Electrical-Development/Lumen/ElecDev_Graphics_Application/Source/External/boost_1_77_0/libs/filesystem/out/build/x64-Debug/CMakeFiles/CMakeTmp

Run Build Command(s):C:/Program Files/Microsoft Visual Studio/2022/Community/Common7/IDE/CommonExtensions/Microsoft/CMake/Ninja/ninja.exe cmTC_50156 && [1/2] Building CXX object CMakeFiles\cmTC_50156.dir\src.cxx.obj
FAILED: CMakeFiles/cmTC_50156.dir/src.cxx.obj 
C:\PROGRA~1\MICROS~4\2022\COMMUN~1\VC\Tools\MSVC\1430~1.307\bin\Hostx64\x64\cl.exe  /nologo /TP -DBOOST_FILESYSTEM_HAS_STAT_ST_MTIMESPEC -IC:\Users\Admin\Documents\Ulrich\Automated-Electrical-Development\Lumen\ElecDev_Graphics_Application\Source\External\boost_1_77_0\libs\filesystem\src -IC:\Users\Admin\Documents\Ulrich\Automated-Electrical-Development\Lumen\ElecDev_Graphics_Application\Source\External\boost_1_77_0\libs\filesystem\..\.. /DWIN32 /D_WINDOWS /W3 /GR /EHsc  /MDd /Zi /Ob0 /Od /RTC1 /showIncludes /FoCMakeFiles\cmTC_50156.dir\src.cxx.obj /FdCMakeFiles\cmTC_50156.dir\ /FS -c C:\Users\Admin\Documents\Ulrich\Automated-Electrical-Development\Lumen\ElecDev_Graphics_Application\Source\External\boost_1_77_0\libs\filesystem\out\build\x64-Debug\CMakeFiles\CMakeTmp\src.cxx
C:/Users/Admin/Documents/Ulrich/Automated-Electrical-Development/Lumen/ElecDev_Graphics_Application/Source/External/boost_1_77_0/libs/filesystem/config/has_stat_st_mtimespec.cpp(12): fatal error C1083: Cannot open include file: 'unistd.h': No such file or directory
ninja: build stopped: subcommand failed.


Source file was:
#include <C:/Users/Admin/Documents/Ulrich/Automated-Electrical-Development/Lumen/ElecDev_Graphics_Application/Source/External/boost_1_77_0/libs/filesystem/config/has_stat_st_mtimespec.cpp>
Performing C++ SOURCE FILE Test BOOST_FILESYSTEM_HAS_STAT_ST_BIRTHTIMENSEC failed with the following output:
Change Dir: C:/Users/Admin/Documents/Ulrich/Automated-Electrical-Development/Lumen/ElecDev_Graphics_Application/Source/External/boost_1_77_0/libs/filesystem/out/build/x64-Debug/CMakeFiles/CMakeTmp

Run Build Command(s):C:/Program Files/Microsoft Visual Studio/2022/Community/Common7/IDE/CommonExtensions/Microsoft/CMake/Ninja/ninja.exe cmTC_4a7d2 && [1/2] Building CXX object CMakeFiles\cmTC_4a7d2.dir\src.cxx.obj
FAILED: CMakeFiles/cmTC_4a7d2.dir/src.cxx.obj 
C:\PROGRA~1\MICROS~4\2022\COMMUN~1\VC\Tools\MSVC\1430~1.307\bin\Hostx64\x64\cl.exe  /nologo /TP -DBOOST_FILESYSTEM_HAS_STAT_ST_BIRTHTIMENSEC -IC:\Users\Admin\Documents\Ulrich\Automated-Electrical-Development\Lumen\ElecDev_Graphics_Application\Source\External\boost_1_77_0\libs\filesystem\src -IC:\Users\Admin\Documents\Ulrich\Automated-Electrical-Development\Lumen\ElecDev_Graphics_Application\Source\External\boost_1_77_0\libs\filesystem\..\.. /DWIN32 /D_WINDOWS /W3 /GR /EHsc  /MDd /Zi /Ob0 /Od /RTC1 /showIncludes /FoCMakeFiles\cmTC_4a7d2.dir\src.cxx.obj /FdCMakeFiles\cmTC_4a7d2.dir\ /FS -c C:\Users\Admin\Documents\Ulrich\Automated-Electrical-Development\Lumen\ElecDev_Graphics_Application\Source\External\boost_1_77_0\libs\filesystem\out\build\x64-Debug\CMakeFiles\CMakeTmp\src.cxx
C:/Users/Admin/Documents/Ulrich/Automated-Electrical-Development/Lumen/ElecDev_Graphics_Application/Source/External/boost_1_77_0/libs/filesystem/config/has_stat_st_birthtimensec.cpp(12): fatal error C1083: Cannot open include file: 'unistd.h': No such file or directory
ninja: build stopped: subcommand failed.


Source file was:
#include <C:/Users/Admin/Documents/Ulrich/Automated-Electrical-Development/Lumen/ElecDev_Graphics_Application/Source/External/boost_1_77_0/libs/filesystem/config/has_stat_st_birthtimensec.cpp>
Performing C++ SOURCE FILE Test BOOST_FILESYSTEM_HAS_STAT_ST_BIRTHTIMESPEC failed with the following output:
Change Dir: C:/Users/Admin/Documents/Ulrich/Automated-Electrical-Development/Lumen/ElecDev_Graphics_Application/Source/External/boost_1_77_0/libs/filesystem/out/build/x64-Debug/CMakeFiles/CMakeTmp

Run Build Command(s):C:/Program Files/Microsoft Visual Studio/2022/Community/Common7/IDE/CommonExtensions/Microsoft/CMake/Ninja/ninja.exe cmTC_b2e2f && [1/2] Building CXX object CMakeFiles\cmTC_b2e2f.dir\src.cxx.obj
FAILED: CMakeFiles/cmTC_b2e2f.dir/src.cxx.obj 
C:\PROGRA~1\MICROS~4\2022\COMMUN~1\VC\Tools\MSVC\1430~1.307\bin\Hostx64\x64\cl.exe  /nologo /TP -DBOOST_FILESYSTEM_HAS_STAT_ST_BIRTHTIMESPEC -IC:\Users\Admin\Documents\Ulrich\Automated-Electrical-Development\Lumen\ElecDev_Graphics_Application\Source\External\boost_1_77_0\libs\filesystem\src -IC:\Users\Admin\Documents\Ulrich\Automated-Electrical-Development\Lumen\ElecDev_Graphics_Application\Source\External\boost_1_77_0\libs\filesystem\..\.. /DWIN32 /D_WINDOWS /W3 /GR /EHsc  /MDd /Zi /Ob0 /Od /RTC1 /showIncludes /FoCMakeFiles\cmTC_b2e2f.dir\src.cxx.obj /FdCMakeFiles\cmTC_b2e2f.dir\ /FS -c C:\Users\Admin\Documents\Ulrich\Automated-Electrical-Development\Lumen\ElecDev_Graphics_Application\Source\External\boost_1_77_0\libs\filesystem\out\build\x64-Debug\CMakeFiles\CMakeTmp\src.cxx
C:/Users/Admin/Documents/Ulrich/Automated-Electrical-Development/Lumen/ElecDev_Graphics_Application/Source/External/boost_1_77_0/libs/filesystem/config/has_stat_st_birthtimespec.cpp(12): fatal error C1083: Cannot open include file: 'unistd.h': No such file or directory
ninja: build stopped: subcommand failed.


Source file was:
#include <C:/Users/Admin/Documents/Ulrich/Automated-Electrical-Development/Lumen/ElecDev_Graphics_Application/Source/External/boost_1_77_0/libs/filesystem/config/has_stat_st_birthtimespec.cpp>
Performing C++ SOURCE FILE Test BOOST_FILESYSTEM_HAS_STATX failed with the following output:
Change Dir: C:/Users/Admin/Documents/Ulrich/Automated-Electrical-Development/Lumen/ElecDev_Graphics_Application/Source/External/boost_1_77_0/libs/filesystem/out/build/x64-Debug/CMakeFiles/CMakeTmp

Run Build Command(s):C:/Program Files/Microsoft Visual Studio/2022/Community/Common7/IDE/CommonExtensions/Microsoft/CMake/Ninja/ninja.exe cmTC_a6a78 && [1/2] Building CXX object CMakeFiles\cmTC_a6a78.dir\src.cxx.obj
FAILED: CMakeFiles/cmTC_a6a78.dir/src.cxx.obj 
C:\PROGRA~1\MICROS~4\2022\COMMUN~1\VC\Tools\MSVC\1430~1.307\bin\Hostx64\x64\cl.exe  /nologo /TP -DBOOST_FILESYSTEM_HAS_STATX -IC:\Users\Admin\Documents\Ulrich\Automated-Electrical-Development\Lumen\ElecDev_Graphics_Application\Source\External\boost_1_77_0\libs\filesystem\src -IC:\Users\Admin\Documents\Ulrich\Automated-Electrical-Development\Lumen\ElecDev_Graphics_Application\Source\External\boost_1_77_0\libs\filesystem\..\.. /DWIN32 /D_WINDOWS /W3 /GR /EHsc  /MDd /Zi /Ob0 /Od /RTC1 /showIncludes /FoCMakeFiles\cmTC_a6a78.dir\src.cxx.obj /FdCMakeFiles\cmTC_a6a78.dir\ /FS -c C:\Users\Admin\Documents\Ulrich\Automated-Electrical-Development\Lumen\ElecDev_Graphics_Application\Source\External\boost_1_77_0\libs\filesystem\out\build\x64-Debug\CMakeFiles\CMakeTmp\src.cxx
C:/Users/Admin/Documents/Ulrich/Automated-Electrical-Development/Lumen/ElecDev_Graphics_Application/Source/External/boost_1_77_0/libs/filesystem/config/has_statx.cpp(12): fatal error C1083: Cannot open include file: 'unistd.h': No such file or directory
ninja: build stopped: subcommand failed.


Source file was:
#include <C:/Users/Admin/Documents/Ulrich/Automated-Electrical-Development/Lumen/ElecDev_Graphics_Application/Source/External/boost_1_77_0/libs/filesystem/config/has_statx.cpp>
Performing C++ SOURCE FILE Test BOOST_FILESYSTEM_HAS_STATX_SYSCALL failed with the following output:
Change Dir: C:/Users/Admin/Documents/Ulrich/Automated-Electrical-Development/Lumen/ElecDev_Graphics_Application/Source/External/boost_1_77_0/libs/filesystem/out/build/x64-Debug/CMakeFiles/CMakeTmp

Run Build Command(s):C:/Program Files/Microsoft Visual Studio/2022/Community/Common7/IDE/CommonExtensions/Microsoft/CMake/Ninja/ninja.exe cmTC_6e463 && [1/2] Building CXX object CMakeFiles\cmTC_6e463.dir\src.cxx.obj
FAILED: CMakeFiles/cmTC_6e463.dir/src.cxx.obj 
C:\PROGRA~1\MICROS~4\2022\COMMUN~1\VC\Tools\MSVC\1430~1.307\bin\Hostx64\x64\cl.exe  /nologo /TP -DBOOST_FILESYSTEM_HAS_STATX_SYSCALL -IC:\Users\Admin\Documents\Ulrich\Automated-Electrical-Development\Lumen\ElecDev_Graphics_Application\Source\External\boost_1_77_0\libs\filesystem\src -IC:\Users\Admin\Documents\Ulrich\Automated-Electrical-Development\Lumen\ElecDev_Graphics_Application\Source\External\boost_1_77_0\libs\filesystem\..\.. /DWIN32 /D_WINDOWS /W3 /GR /EHsc  /MDd /Zi /Ob0 /Od /RTC1 /showIncludes /FoCMakeFiles\cmTC_6e463.dir\src.cxx.obj /FdCMakeFiles\cmTC_6e463.dir\ /FS -c C:\Users\Admin\Documents\Ulrich\Automated-Electrical-Development\Lumen\ElecDev_Graphics_Application\Source\External\boost_1_77_0\libs\filesystem\out\build\x64-Debug\CMakeFiles\CMakeTmp\src.cxx
C:/Users/Admin/Documents/Ulrich/Automated-Electrical-Development/Lumen/ElecDev_Graphics_Application/Source/External/boost_1_77_0/libs/filesystem/config/has_statx_syscall.cpp(10): fatal error C1083: Cannot open include file: 'sys/syscall.h': No such file or directory
ninja: build stopped: subcommand failed.


Source file was:
#include <C:/Users/Admin/Documents/Ulrich/Automated-Electrical-Development/Lumen/ElecDev_Graphics_Application/Source/External/boost_1_77_0/libs/filesystem/config/has_statx_syscall.cpp>
Performing C++ SOURCE FILE Test BOOST_FILESYSTEM_HAS_BCRYPT failed with the following output:
Change Dir: C:/Users/Admin/Documents/Ulrich/Automated-Electrical-Development/Lumen/ElecDev_Graphics_Application/Source/External/boost_1_77_0/libs/filesystem/out/build/x64-Debug/CMakeFiles/CMakeTmp

Run Build Command(s):C:/Program Files/Microsoft Visual Studio/2022/Community/Common7/IDE/CommonExtensions/Microsoft/CMake/Ninja/ninja.exe cmTC_7c7f9 && [1/2] Building CXX object CMakeFiles\cmTC_7c7f9.dir\src.cxx.obj
[2/2] Linking CXX executable cmTC_7c7f9.exe
FAILED: cmTC_7c7f9.exe 
cmd.exe /C "cd . && "C:\Program Files\Microsoft Visual Studio\2022\Community\Common7\IDE\CommonExtensions\Microsoft\CMake\CMake\bin\cmake.exe" -E vs_link_exe --intdir=CMakeFiles\cmTC_7c7f9.dir --rc=C:\PROGRA~2\WI3CF2~1\10\bin\100190~1.0\x64\rc.exe --mt=C:\PROGRA~2\WI3CF2~1\10\bin\100190~1.0\x64\mt.exe --manifests  -- C:\PROGRA~1\MICROS~4\2022\COMMUN~1\VC\Tools\MSVC\1430~1.307\bin\Hostx64\x64\link.exe /nologo CMakeFiles\cmTC_7c7f9.dir\src.cxx.obj  /out:cmTC_7c7f9.exe /implib:cmTC_7c7f9.lib /pdb:cmTC_7c7f9.pdb /version:0.0 /machine:x64  /debug /INCREMENTAL /subsystem:console  bcrypt.lib  kernel32.lib user32.lib gdi32.lib winspool.lib shell32.lib ole32.lib oleaut32.lib uuid.lib comdlg32.lib advapi32.lib && cd ."
LINK Pass 1: command "C:\PROGRA~1\MICROS~4\2022\COMMUN~1\VC\Tools\MSVC\1430~1.307\bin\Hostx64\x64\link.exe /nologo CMakeFiles\cmTC_7c7f9.dir\src.cxx.obj /out:cmTC_7c7f9.exe /implib:cmTC_7c7f9.lib /pdb:cmTC_7c7f9.pdb /version:0.0 /machine:x64 /debug /INCREMENTAL /subsystem:console bcrypt.lib kernel32.lib user32.lib gdi32.lib winspool.lib shell32.lib ole32.lib oleaut32.lib uuid.lib comdlg32.lib advapi32.lib /MANIFEST /MANIFESTFILE:CMakeFiles\cmTC_7c7f9.dir/intermediate.manifest CMakeFiles\cmTC_7c7f9.dir/manifest.res" failed (exit code 1104) with the following output:
LINK : fatal error LNK1104: cannot open file 'libboost_filesystem-vc142-mt-gd-x64-1_77.lib'
ninja: build stopped: subcommand failed.


Source file was:
#include <C:/Users/Admin/Documents/Ulrich/Automated-Electrical-Development/Lumen/ElecDev_Graphics_Application/Source/External/boost_1_77_0/libs/filesystem/config/has_bcrypt.cpp>
