Determining if the include file pthread.h exists failed with the following output:
Change Dir: C:/Users/Admin/Documents/Ulrich/Automated-Electrical-Development/Lumen/ElecDev_Graphics_Application/Source/External/boost_1_77_0/libs/atomic/out/build/x64-Debug/CMakeFiles/CMakeTmp

Run Build Command(s):C:/Program Files/Microsoft Visual Studio/2022/Community/Common7/IDE/CommonExtensions/Microsoft/CMake/Ninja/ninja.exe cmTC_ad11d && [1/2] Building CXX object CMakeFiles\cmTC_ad11d.dir\CheckIncludeFile.cxx.obj
FAILED: CMakeFiles/cmTC_ad11d.dir/CheckIncludeFile.cxx.obj 
C:\PROGRA~1\MICROS~4\2022\COMMUN~1\VC\Tools\MSVC\1430~1.307\bin\Hostx64\x64\cl.exe  /nologo /TP   /DWIN32 /D_WINDOWS /GR /EHsc  /Zi /Ob0 /Od /RTC1 -MDd /showIncludes /FoCMakeFiles\cmTC_ad11d.dir\CheckIncludeFile.cxx.obj /FdCMakeFiles\cmTC_ad11d.dir\ /FS -c C:\Users\Admin\Documents\Ulrich\Automated-Electrical-Development\Lumen\ElecDev_Graphics_Application\Source\External\boost_1_77_0\libs\atomic\out\build\x64-Debug\CMakeFiles\CMakeTmp\CheckIncludeFile.cxx
C:\Users\Admin\Documents\Ulrich\Automated-Electrical-Development\Lumen\ElecDev_Graphics_Application\Source\External\boost_1_77_0\libs\atomic\out\build\x64-Debug\CMakeFiles\CMakeTmp\CheckIncludeFile.cxx(1): fatal error C1083: Cannot open include file: 'pthread.h': No such file or directory
ninja: build stopped: subcommand failed.



